2024/10/16 23:48:23,946 [ INFO ] ChekcStr.java – End of binarise, returning: 000001
2024/10/16 23:48:23,955 [ INFO ] ChekcStr.java – End of convert, returning: 000001
2024/10/16 23:48:23,955 [ INFO ] ChekcStr.java – Start of total with params:  
2024/10/16 23:48:23,955 [ INFO ] ChekcStr.java – End of total, returning: 32
2024/10/16 23:48:23,955 [ INFO ] ChekcStr.java – Start of convert with params: 32
2024/10/16 23:48:23,955 [ INFO ] ChekcStr.java – Start of convert with params: 16
2024/10/16 23:48:23,955 [ INFO ] ChekcStr.java – Start of convert with params: 8
2024/10/16 23:48:23,955 [ INFO ] ChekcStr.java – Start of convert with params: 4
2024/10/16 23:48:23,955 [ INFO ] ChekcStr.java – Start of convert with params: 2
2024/10/16 23:48:23,955 [ INFO ] ChekcStr.java – Start of convert with params: 1
2024/10/16 23:48:23,955 [ INFO ] ChekcStr.java – Start of convert with params: 0
2024/10/16 23:48:23,955 [ INFO ] ChekcStr.java – End of binarise, returning: ''
2024/10/16 23:48:23,955 [ INFO ] ChekcStr.java – End of binarise, returning: 1
2024/10/16 23:48:23,955 [ INFO ] ChekcStr.java – End of binarise, returning: 01
2024/10/16 23:48:23,955 [ INFO ] ChekcStr.java – End of binarise, returning: 001
2024/10/16 23:48:23,955 [ INFO ] ChekcStr.java – End of binarise, returning: 0001
2024/10/16 23:48:23,955 [ INFO ] ChekcStr.java – End of binarise, returning: 00001
2024/10/16 23:48:23,955 [ INFO ] ChekcStr.java – End of binarise, returning: 000001
2024/10/16 23:48:23,956 [ INFO ] ChekcStr.java – Instantiated Class ChekcStr
2024/10/16 23:48:23,956 [ INFO ] ChekcStr.java – Start of convert with params:  
2024/10/16 23:48:23,956 [ INFO ] ChekcStr.java – Start of total with params:  
2024/10/16 23:48:23,956 [ INFO ] ChekcStr.java – End of total, returning: 32
2024/10/16 23:48:23,956 [ INFO ] ChekcStr.java – Start of convert with params: 32
2024/10/16 23:48:23,956 [ INFO ] ChekcStr.java – Start of convert with params: 16
2024/10/16 23:48:23,956 [ INFO ] ChekcStr.java – Start of convert with params: 8
2024/10/16 23:48:23,956 [ INFO ] ChekcStr.java – Start of convert with params: 4
2024/10/16 23:48:23,956 [ INFO ] ChekcStr.java – Start of convert with params: 2
2024/10/16 23:48:23,956 [ INFO ] ChekcStr.java – Start of convert with params: 1
2024/10/16 23:48:23,956 [ INFO ] ChekcStr.java – Start of convert with params: 0
2024/10/16 23:48:23,956 [ INFO ] ChekcStr.java – End of binarise, returning: ''
2024/10/16 23:48:23,956 [ INFO ] ChekcStr.java – End of binarise, returning: 1
2024/10/16 23:48:23,956 [ INFO ] ChekcStr.java – End of binarise, returning: 01
2024/10/16 23:48:23,956 [ INFO ] ChekcStr.java – End of binarise, returning: 001
2024/10/16 23:48:23,956 [ INFO ] ChekcStr.java – End of binarise, returning: 0001
2024/10/16 23:48:23,956 [ INFO ] ChekcStr.java – End of binarise, returning: 00001
2024/10/16 23:48:23,956 [ INFO ] ChekcStr.java – End of binarise, returning: 000001
2024/10/16 23:48:23,956 [ INFO ] ChekcStr.java – End of convert, returning: 000001
2024/10/16 23:48:23,956 [ INFO ] ChekcStr.java – Start of total with params:  
2024/10/16 23:48:23,956 [ INFO ] ChekcStr.java – End of total, returning: 32
2024/10/16 23:48:23,956 [ INFO ] ChekcStr.java – Start of convert with params: 32
2024/10/16 23:48:23,956 [ INFO ] ChekcStr.java – Start of convert with params: 16
2024/10/16 23:48:23,956 [ INFO ] ChekcStr.java – Start of convert with params: 8
2024/10/16 23:48:23,956 [ INFO ] ChekcStr.java – Start of convert with params: 4
2024/10/16 23:48:23,956 [ INFO ] ChekcStr.java – Start of convert with params: 2
2024/10/16 23:48:23,956 [ INFO ] ChekcStr.java – Start of convert with params: 1
2024/10/16 23:48:23,956 [ INFO ] ChekcStr.java – Start of convert with params: 0
2024/10/16 23:48:23,956 [ INFO ] ChekcStr.java – End of binarise, returning: ''
2024/10/16 23:48:23,956 [ INFO ] ChekcStr.java – End of binarise, returning: 1
2024/10/16 23:48:23,957 [ INFO ] ChekcStr.java – End of binarise, returning: 01
2024/10/16 23:48:23,957 [ INFO ] ChekcStr.java – End of binarise, returning: 001
2024/10/16 23:48:23,957 [ INFO ] ChekcStr.java – End of binarise, returning: 0001
2024/10/16 23:48:23,957 [ INFO ] ChekcStr.java – End of binarise, returning: 00001
2024/10/16 23:48:23,957 [ INFO ] ChekcStr.java – End of binarise, returning: 000001
