2024/10/16 20:12:54,288 [ INFO ] ChekcStr.java – Instantiated Class ChekcStr
2024/10/16 20:12:54,301 [ INFO ] ChekcStr.java – Start of total with params:  
2024/10/16 20:12:54,301 [ INFO ] ChekcStr.java – End of total, returning: 32
2024/10/16 20:12:54,301 [ INFO ] ChekcStr.java – Instantiated Class ChekcStr
2024/10/16 20:12:54,301 [ INFO ] ChekcStr.java – Start of total with params:  
2024/10/16 20:12:54,301 [ INFO ] ChekcStr.java – End of total, returning: 32
2024/10/16 20:12:54,302 [ INFO ] ChekcStr.java – Instantiated Class ChekcStr
2024/10/16 20:12:54,302 [ INFO ] ChekcStr.java – Start of convert with params: 1
2024/10/16 20:12:54,302 [ INFO ] ChekcStr.java – Start of total with params: 1
2024/10/16 20:12:54,302 [ INFO ] ChekcStr.java – End of total, returning: 49
2024/10/16 20:12:54,302 [ INFO ] ChekcStr.java – Start of convert with params: 49
2024/10/16 20:12:54,302 [ INFO ] ChekcStr.java – Start of convert with params: 24
2024/10/16 20:12:54,302 [ INFO ] ChekcStr.java – Start of convert with params: 12
2024/10/16 20:12:54,302 [ INFO ] ChekcStr.java – Start of convert with params: 6
2024/10/16 20:12:54,302 [ INFO ] ChekcStr.java – Start of convert with params: 3
2024/10/16 20:12:54,302 [ INFO ] ChekcStr.java – Start of convert with params: 1
2024/10/16 20:12:54,302 [ INFO ] ChekcStr.java – Start of convert with params: 0
2024/10/16 20:12:54,302 [ INFO ] ChekcStr.java – End of binarise, returning: ''
2024/10/16 20:12:54,302 [ INFO ] ChekcStr.java – End of binarise, returning: 1
2024/10/16 20:12:54,302 [ INFO ] ChekcStr.java – End of binarise, returning: 11
2024/10/16 20:12:54,302 [ INFO ] ChekcStr.java – End of binarise, returning: 011
2024/10/16 20:12:54,302 [ INFO ] ChekcStr.java – End of binarise, returning: 0011
2024/10/16 20:12:54,302 [ INFO ] ChekcStr.java – End of binarise, returning: 00011
2024/10/16 20:12:54,302 [ INFO ] ChekcStr.java – End of binarise, returning: 100011
2024/10/16 20:12:54,302 [ INFO ] ChekcStr.java – End of convert, returning: 100011
2024/10/16 20:12:54,302 [ INFO ] ChekcStr.java – Start of total with params: 1
2024/10/16 20:12:54,302 [ INFO ] ChekcStr.java – End of total, returning: 49
2024/10/16 20:12:54,302 [ INFO ] ChekcStr.java – Start of convert with params: 49
2024/10/16 20:12:54,302 [ INFO ] ChekcStr.java – Start of convert with params: 24
2024/10/16 20:12:54,302 [ INFO ] ChekcStr.java – Start of convert with params: 12
2024/10/16 20:12:54,302 [ INFO ] ChekcStr.java – Start of convert with params: 6
2024/10/16 20:12:54,302 [ INFO ] ChekcStr.java – Start of convert with params: 3
2024/10/16 20:12:54,302 [ INFO ] ChekcStr.java – Start of convert with params: 1
2024/10/16 20:12:54,302 [ INFO ] ChekcStr.java – Start of convert with params: 0
2024/10/16 20:12:54,302 [ INFO ] ChekcStr.java – End of binarise, returning: ''
2024/10/16 20:12:54,302 [ INFO ] ChekcStr.java – End of binarise, returning: 1
2024/10/16 20:12:54,302 [ INFO ] ChekcStr.java – End of binarise, returning: 11
2024/10/16 20:12:54,302 [ INFO ] ChekcStr.java – End of binarise, returning: 011
2024/10/16 20:12:54,302 [ INFO ] ChekcStr.java – End of binarise, returning: 0011
2024/10/16 20:12:54,302 [ INFO ] ChekcStr.java – End of binarise, returning: 00011
2024/10/16 20:12:54,302 [ INFO ] ChekcStr.java – End of binarise, returning: 100011
2024/10/16 20:12:54,303 [ INFO ] ChekcStr.java – Instantiated Class ChekcStr
2024/10/16 20:12:54,303 [ INFO ] ChekcStr.java – Start of convert with params: 2
2024/10/16 20:12:54,303 [ INFO ] ChekcStr.java – Start of total with params: 2
2024/10/16 20:12:54,303 [ INFO ] ChekcStr.java – End of total, returning: 50
2024/10/16 20:12:54,303 [ INFO ] ChekcStr.java – Start of convert with params: 50
2024/10/16 20:12:54,303 [ INFO ] ChekcStr.java – Start of convert with params: 25
2024/10/16 20:12:54,303 [ INFO ] ChekcStr.java – Start of convert with params: 12
2024/10/16 20:12:54,303 [ INFO ] ChekcStr.java – Start of convert with params: 6
2024/10/16 20:12:54,303 [ INFO ] ChekcStr.java – Start of convert with params: 3
2024/10/16 20:12:54,303 [ INFO ] ChekcStr.java – Start of convert with params: 1
2024/10/16 20:12:54,303 [ INFO ] ChekcStr.java – Start of convert with params: 0
2024/10/16 20:12:54,303 [ INFO ] ChekcStr.java – End of binarise, returning: ''
2024/10/16 20:12:54,303 [ INFO ] ChekcStr.java – End of binarise, returning: 1
2024/10/16 20:12:54,303 [ INFO ] ChekcStr.java – End of binarise, returning: 11
2024/10/16 20:12:54,303 [ INFO ] ChekcStr.java – End of binarise, returning: 011
2024/10/16 20:12:54,303 [ INFO ] ChekcStr.java – End of binarise, returning: 0011
2024/10/16 20:12:54,303 [ INFO ] ChekcStr.java – End of binarise, returning: 10011
2024/10/16 20:12:54,303 [ INFO ] ChekcStr.java – End of binarise, returning: 010011
2024/10/16 20:12:54,303 [ INFO ] ChekcStr.java – End of convert, returning: 010011
2024/10/16 20:12:54,303 [ INFO ] ChekcStr.java – Start of total with params: 2
2024/10/16 20:12:54,303 [ INFO ] ChekcStr.java – End of total, returning: 50
2024/10/16 20:12:54,303 [ INFO ] ChekcStr.java – Start of convert with params: 50
2024/10/16 20:12:54,303 [ INFO ] ChekcStr.java – Start of convert with params: 25
2024/10/16 20:12:54,303 [ INFO ] ChekcStr.java – Start of convert with params: 12
2024/10/16 20:12:54,303 [ INFO ] ChekcStr.java – Start of convert with params: 6
2024/10/16 20:12:54,303 [ INFO ] ChekcStr.java – Start of convert with params: 3
2024/10/16 20:12:54,303 [ INFO ] ChekcStr.java – Start of convert with params: 1
2024/10/16 20:12:54,303 [ INFO ] ChekcStr.java – Start of convert with params: 0
2024/10/16 20:12:54,303 [ INFO ] ChekcStr.java – End of binarise, returning: ''
2024/10/16 20:12:54,303 [ INFO ] ChekcStr.java – End of binarise, returning: 1
2024/10/16 20:12:54,303 [ INFO ] ChekcStr.java – End of binarise, returning: 11
2024/10/16 20:12:54,303 [ INFO ] ChekcStr.java – End of binarise, returning: 011
2024/10/16 20:12:54,303 [ INFO ] ChekcStr.java – End of binarise, returning: 0011
2024/10/16 20:12:54,304 [ INFO ] ChekcStr.java – End of binarise, returning: 10011
2024/10/16 20:12:54,304 [ INFO ] ChekcStr.java – End of binarise, returning: 010011
2024/10/16 20:12:54,304 [ INFO ] ChekcStr.java – Instantiated Class ChekcStr
2024/10/16 20:12:54,304 [ INFO ] ChekcStr.java – Start of convert with params: 3
2024/10/16 20:12:54,304 [ INFO ] ChekcStr.java – Start of total with params: 3
2024/10/16 20:12:54,304 [ INFO ] ChekcStr.java – End of total, returning: 51
2024/10/16 20:12:54,304 [ INFO ] ChekcStr.java – Start of convert with params: 51
2024/10/16 20:12:54,304 [ INFO ] ChekcStr.java – Start of convert with params: 25
2024/10/16 20:12:54,304 [ INFO ] ChekcStr.java – Start of convert with params: 12
2024/10/16 20:12:54,304 [ INFO ] ChekcStr.java – Start of convert with params: 6
2024/10/16 20:12:54,304 [ INFO ] ChekcStr.java – Start of convert with params: 3
2024/10/16 20:12:54,304 [ INFO ] ChekcStr.java – Start of convert with params: 1
2024/10/16 20:12:54,304 [ INFO ] ChekcStr.java – Start of convert with params: 0
2024/10/16 20:12:54,304 [ INFO ] ChekcStr.java – End of binarise, returning: ''
2024/10/16 20:12:54,304 [ INFO ] ChekcStr.java – End of binarise, returning: 1
2024/10/16 20:12:54,304 [ INFO ] ChekcStr.java – End of binarise, returning: 11
2024/10/16 20:12:54,304 [ INFO ] ChekcStr.java – End of binarise, returning: 011
2024/10/16 20:12:54,304 [ INFO ] ChekcStr.java – End of binarise, returning: 0011
2024/10/16 20:12:54,304 [ INFO ] ChekcStr.java – End of binarise, returning: 10011
2024/10/16 20:12:54,304 [ INFO ] ChekcStr.java – End of binarise, returning: 110011
2024/10/16 20:12:54,304 [ INFO ] ChekcStr.java – End of convert, returning: 110011
2024/10/16 20:12:54,304 [ INFO ] ChekcStr.java – Start of total with params: 3
2024/10/16 20:12:54,304 [ INFO ] ChekcStr.java – End of total, returning: 51
2024/10/16 20:12:54,304 [ INFO ] ChekcStr.java – Start of convert with params: 51
2024/10/16 20:12:54,304 [ INFO ] ChekcStr.java – Start of convert with params: 25
2024/10/16 20:12:54,304 [ INFO ] ChekcStr.java – Start of convert with params: 12
2024/10/16 20:12:54,304 [ INFO ] ChekcStr.java – Start of convert with params: 6
2024/10/16 20:12:54,304 [ INFO ] ChekcStr.java – Start of convert with params: 3
2024/10/16 20:12:54,305 [ INFO ] ChekcStr.java – Start of convert with params: 1
2024/10/16 20:12:54,305 [ INFO ] ChekcStr.java – Start of convert with params: 0
2024/10/16 20:12:54,305 [ INFO ] ChekcStr.java – End of binarise, returning: ''
2024/10/16 20:12:54,305 [ INFO ] ChekcStr.java – End of binarise, returning: 1
2024/10/16 20:12:54,305 [ INFO ] ChekcStr.java – End of binarise, returning: 11
2024/10/16 20:12:54,305 [ INFO ] ChekcStr.java – End of binarise, returning: 011
2024/10/16 20:12:54,305 [ INFO ] ChekcStr.java – End of binarise, returning: 0011
2024/10/16 20:12:54,305 [ INFO ] ChekcStr.java – End of binarise, returning: 10011
2024/10/16 20:12:54,305 [ INFO ] ChekcStr.java – End of binarise, returning: 110011
2024/10/16 20:12:54,305 [ INFO ] ChekcStr.java – Instantiated Class ChekcStr
2024/10/16 20:12:54,305 [ INFO ] ChekcStr.java – Start of convert with params: 4
2024/10/16 20:12:54,305 [ INFO ] ChekcStr.java – Start of total with params: 4
2024/10/16 20:12:54,305 [ INFO ] ChekcStr.java – End of total, returning: 52
2024/10/16 20:12:54,305 [ INFO ] ChekcStr.java – Start of convert with params: 52
2024/10/16 20:12:54,305 [ INFO ] ChekcStr.java – Start of convert with params: 26
2024/10/16 20:12:54,305 [ INFO ] ChekcStr.java – Start of convert with params: 13
2024/10/16 20:12:54,305 [ INFO ] ChekcStr.java – Start of convert with params: 6
2024/10/16 20:12:54,305 [ INFO ] ChekcStr.java – Start of convert with params: 3
2024/10/16 20:12:54,305 [ INFO ] ChekcStr.java – Start of convert with params: 1
2024/10/16 20:12:54,305 [ INFO ] ChekcStr.java – Start of convert with params: 0
2024/10/16 20:12:54,305 [ INFO ] ChekcStr.java – End of binarise, returning: ''
2024/10/16 20:12:54,305 [ INFO ] ChekcStr.java – End of binarise, returning: 1
