2024/10/16 20:12:54,264 [ INFO ] ChekcStr.java – Start of total with params: 10001111

2024/10/16 20:12:54,275 [ INFO ] ChekcStr.java – Start of total with params: 0001111

2024/10/16 20:12:54,275 [ INFO ] ChekcStr.java – Start of total with params: 001111

2024/10/16 20:12:54,275 [ INFO ] ChekcStr.java – Start of total with params: 01111

2024/10/16 20:12:54,275 [ INFO ] ChekcStr.java – Start of total with params: 1111

2024/10/16 20:12:54,275 [ INFO ] ChekcStr.java – Start of total with params: 111

2024/10/16 20:12:54,275 [ INFO ] ChekcStr.java – Start of total with params: 11

2024/10/16 20:12:54,275 [ INFO ] ChekcStr.java – Start of total with params: 1

2024/10/16 20:12:54,275 [ INFO ] ChekcStr.java – Start of total with params: 

2024/10/16 20:12:54,275 [ INFO ] ChekcStr.java – End of total, returning: 10
2024/10/16 20:12:54,275 [ INFO ] ChekcStr.java – End of total, returning: 59
2024/10/16 20:12:54,275 [ INFO ] ChekcStr.java – End of total, returning: 108
2024/10/16 20:12:54,275 [ INFO ] ChekcStr.java – End of total, returning: 157
2024/10/16 20:12:54,275 [ INFO ] ChekcStr.java – End of total, returning: 206
2024/10/16 20:12:54,275 [ INFO ] ChekcStr.java – End of total, returning: 254
2024/10/16 20:12:54,275 [ INFO ] ChekcStr.java – End of total, returning: 302
2024/10/16 20:12:54,275 [ INFO ] ChekcStr.java – End of total, returning: 350
2024/10/16 20:12:54,275 [ INFO ] ChekcStr.java – End of total, returning: 399
2024/10/16 20:12:54,275 [ INFO ] ChekcStr.java – End of total, returning: 409
2024/10/16 20:12:54,276 [ INFO ] ChekcStr.java – Instantiated Class ChekcStr
2024/10/16 20:12:54,276 [ INFO ] ChekcStr.java – Start of total with params:       
2024/10/16 20:12:54,276 [ INFO ] ChekcStr.java – Start of total with params:      
2024/10/16 20:12:54,276 [ INFO ] ChekcStr.java – Start of total with params:     
2024/10/16 20:12:54,276 [ INFO ] ChekcStr.java – Start of total with params:    
2024/10/16 20:12:54,276 [ INFO ] ChekcStr.java – Start of total with params:   
2024/10/16 20:12:54,276 [ INFO ] ChekcStr.java – Start of total with params:  
2024/10/16 20:12:54,276 [ INFO ] ChekcStr.java – End of total, returning: 32
2024/10/16 20:12:54,276 [ INFO ] ChekcStr.java – End of total, returning: 64
2024/10/16 20:12:54,276 [ INFO ] ChekcStr.java – End of total, returning: 96
2024/10/16 20:12:54,276 [ INFO ] ChekcStr.java – End of total, returning: 128
2024/10/16 20:12:54,276 [ INFO ] ChekcStr.java – End of total, returning: 160
2024/10/16 20:12:54,276 [ INFO ] ChekcStr.java – End of total, returning: 192
2024/10/16 20:12:54,277 [ INFO ] ChekcStr.java – Instantiated Class ChekcStr
2024/10/16 20:12:54,277 [ INFO ] ChekcStr.java – Start of total with params: 1
2024/10/16 20:12:54,277 [ INFO ] ChekcStr.java – End of total, returning: 49
2024/10/16 20:12:54,277 [ INFO ] ChekcStr.java – Instantiated Class ChekcStr
2024/10/16 20:12:54,277 [ INFO ] ChekcStr.java – Start of total with params: 2
2024/10/16 20:12:54,277 [ INFO ] ChekcStr.java – End of total, returning: 50
2024/10/16 20:12:54,278 [ INFO ] ChekcStr.java – Instantiated Class ChekcStr
2024/10/16 20:12:54,278 [ INFO ] ChekcStr.java – Start of total with params: 3
2024/10/16 20:12:54,278 [ INFO ] ChekcStr.java – End of total, returning: 51
2024/10/16 20:12:54,278 [ INFO ] ChekcStr.java – Instantiated Class ChekcStr
2024/10/16 20:12:54,278 [ INFO ] ChekcStr.java – Start of total with params: 4
2024/10/16 20:12:54,278 [ INFO ] ChekcStr.java – End of total, returning: 52
2024/10/16 20:12:54,279 [ INFO ] ChekcStr.java – Instantiated Class ChekcStr
2024/10/16 20:12:54,279 [ INFO ] ChekcStr.java – Start of total with params: 5
2024/10/16 20:12:54,279 [ INFO ] ChekcStr.java – End of total, returning: 53
2024/10/16 20:12:54,279 [ INFO ] ChekcStr.java – Instantiated Class ChekcStr
2024/10/16 20:12:54,279 [ INFO ] ChekcStr.java – Start of total with params: 6
2024/10/16 20:12:54,279 [ INFO ] ChekcStr.java – End of total, returning: 54
2024/10/16 20:12:54,279 [ INFO ] ChekcStr.java – Instantiated Class ChekcStr
2024/10/16 20:12:54,279 [ INFO ] ChekcStr.java – Start of total with params: 7
2024/10/16 20:12:54,280 [ INFO ] ChekcStr.java – End of total, returning: 55
2024/10/16 20:12:54,280 [ INFO ] ChekcStr.java – Instantiated Class ChekcStr
2024/10/16 20:12:54,280 [ INFO ] ChekcStr.java – Start of total with params: 8
2024/10/16 20:12:54,280 [ INFO ] ChekcStr.java – End of total, returning: 56
2024/10/16 20:12:54,280 [ INFO ] ChekcStr.java – Instantiated Class ChekcStr
2024/10/16 20:12:54,280 [ INFO ] ChekcStr.java – Start of total with params: 9
2024/10/16 20:12:54,280 [ INFO ] ChekcStr.java – End of total, returning: 57
2024/10/16 20:12:54,280 [ INFO ] ChekcStr.java – Instantiated Class ChekcStr
2024/10/16 20:12:54,280 [ INFO ] ChekcStr.java – Start of total with params: 10
2024/10/16 20:12:54,280 [ INFO ] ChekcStr.java – Start of total with params: 0
2024/10/16 20:12:54,281 [ INFO ] ChekcStr.java – End of total, returning: 48
2024/10/16 20:12:54,281 [ INFO ] ChekcStr.java – End of total, returning: 97
2024/10/16 20:12:54,281 [ INFO ] ChekcStr.java – Instantiated Class ChekcStr
2024/10/16 20:12:54,281 [ INFO ] ChekcStr.java – Start of total with params: 1
2024/10/16 20:12:54,281 [ INFO ] ChekcStr.java – End of total, returning: 49
2024/10/16 20:12:54,281 [ INFO ] ChekcStr.java – Instantiated Class ChekcStr
2024/10/16 20:12:54,282 [ INFO ] ChekcStr.java – Start of total with params: 2
2024/10/16 20:12:54,282 [ INFO ] ChekcStr.java – End of total, returning: 50
2024/10/16 20:12:54,282 [ INFO ] ChekcStr.java – Instantiated Class ChekcStr
2024/10/16 20:12:54,282 [ INFO ] ChekcStr.java – Start of total with params: 3
2024/10/16 20:12:54,282 [ INFO ] ChekcStr.java – End of total, returning: 51
2024/10/16 20:12:54,282 [ INFO ] ChekcStr.java – Instantiated Class ChekcStr
2024/10/16 20:12:54,282 [ INFO ] ChekcStr.java – Start of total with params: 4
2024/10/16 20:12:54,282 [ INFO ] ChekcStr.java – End of total, returning: 52
2024/10/16 20:12:54,283 [ INFO ] ChekcStr.java – Instantiated Class ChekcStr
2024/10/16 20:12:54,283 [ INFO ] ChekcStr.java – Start of total with params: 5
2024/10/16 20:12:54,283 [ INFO ] ChekcStr.java – End of total, returning: 53
2024/10/16 20:12:54,283 [ INFO ] ChekcStr.java – Instantiated Class ChekcStr
2024/10/16 20:12:54,283 [ INFO ] ChekcStr.java – Start of total with params: 6
2024/10/16 20:12:54,283 [ INFO ] ChekcStr.java – End of total, returning: 54
2024/10/16 20:12:54,283 [ INFO ] ChekcStr.java – Instantiated Class ChekcStr
2024/10/16 20:12:54,283 [ INFO ] ChekcStr.java – Start of total with params: 7
2024/10/16 20:12:54,283 [ INFO ] ChekcStr.java – End of total, returning: 55
2024/10/16 20:12:54,284 [ INFO ] ChekcStr.java – Instantiated Class ChekcStr
2024/10/16 20:12:54,284 [ INFO ] ChekcStr.java – Start of total with params: 8
2024/10/16 20:12:54,284 [ INFO ] ChekcStr.java – End of total, returning: 56
2024/10/16 20:12:54,284 [ INFO ] ChekcStr.java – Instantiated Class ChekcStr
2024/10/16 20:12:54,284 [ INFO ] ChekcStr.java – Start of total with params: 9
2024/10/16 20:12:54,284 [ INFO ] ChekcStr.java – End of total, returning: 57
2024/10/16 20:12:54,284 [ INFO ] ChekcStr.java – Instantiated Class ChekcStr
2024/10/16 20:12:54,284 [ INFO ] ChekcStr.java – Start of total with params: 10
2024/10/16 20:12:54,284 [ INFO ] ChekcStr.java – Start of total with params: 0
2024/10/16 20:12:54,284 [ INFO ] ChekcStr.java – End of total, returning: 48
2024/10/16 20:12:54,284 [ INFO ] ChekcStr.java – End of total, returning: 97
2024/10/16 20:12:54,285 [ INFO ] ChekcStr.java – Instantiated Class ChekcStr
2024/10/16 20:12:54,285 [ INFO ] ChekcStr.java – Start of total with params: 1
2024/10/16 20:12:54,285 [ INFO ] ChekcStr.java – End of total, returning: 49
2024/10/16 20:12:54,285 [ INFO ] ChekcStr.java – Instantiated Class ChekcStr
2024/10/16 20:12:54,285 [ INFO ] ChekcStr.java – Start of total with params: 2
2024/10/16 20:12:54,285 [ INFO ] ChekcStr.java – End of total, returning: 50
2024/10/16 20:12:54,286 [ INFO ] ChekcStr.java – Instantiated Class ChekcStr
2024/10/16 20:12:54,286 [ INFO ] ChekcStr.java – Start of total with params: 3
2024/10/16 20:12:54,286 [ INFO ] ChekcStr.java – End of total, returning: 51
2024/10/16 20:12:54,286 [ INFO ] ChekcStr.java – Instantiated Class ChekcStr
2024/10/16 20:12:54,286 [ INFO ] ChekcStr.java – Start of total with params: 4
2024/10/16 20:12:54,286 [ INFO ] ChekcStr.java – End of total, returning: 52
2024/10/16 20:12:54,286 [ INFO ] ChekcStr.java – Instantiated Class ChekcStr
2024/10/16 20:12:54,286 [ INFO ] ChekcStr.java – Start of total with params: 5
2024/10/16 20:12:54,286 [ INFO ] ChekcStr.java – End of total, returning: 53
2024/10/16 20:12:54,287 [ INFO ] ChekcStr.java – Instantiated Class ChekcStr
2024/10/16 20:12:54,287 [ INFO ] ChekcStr.java – Start of total with params: 6
2024/10/16 20:12:54,287 [ INFO ] ChekcStr.java – End of total, returning: 54
2024/10/16 20:12:54,287 [ INFO ] ChekcStr.java – Instantiated Class ChekcStr
2024/10/16 20:12:54,287 [ INFO ] ChekcStr.java – Start of total with params: 7
2024/10/16 20:12:54,287 [ INFO ] ChekcStr.java – End of total, returning: 55
2024/10/16 20:12:54,287 [ INFO ] ChekcStr.java – Instantiated Class ChekcStr
2024/10/16 20:12:54,287 [ INFO ] ChekcStr.java – Start of total with params: 8
2024/10/16 20:12:54,287 [ INFO ] ChekcStr.java – End of total, returning: 56
2024/10/16 20:12:54,288 [ INFO ] ChekcStr.java – Instantiated Class ChekcStr
2024/10/16 20:12:54,288 [ INFO ] ChekcStr.java – Start of total with params: 9
2024/10/16 20:12:54,288 [ INFO ] ChekcStr.java – End of total, returning: 57
2024/10/16 20:12:54,288 [ INFO ] ChekcStr.java – Instantiated Class ChekcStr
2024/10/16 20:12:54,288 [ INFO ] ChekcStr.java – Start of total with params: 10
2024/10/16 20:12:54,288 [ INFO ] ChekcStr.java – Start of total with params: 0
2024/10/16 20:12:54,288 [ INFO ] ChekcStr.java – End of total, returning: 48
2024/10/16 20:12:54,288 [ INFO ] ChekcStr.java – End of total, returning: 97
