2024/10/16 20:12:54,345 [ INFO ] ChekcStr.java – Start of convert with params: 0
2024/10/16 20:12:54,351 [ INFO ] ChekcStr.java – End of binarise, returning: ''
2024/10/16 20:12:54,351 [ INFO ] ChekcStr.java – End of binarise, returning: 1
2024/10/16 20:12:54,351 [ INFO ] ChekcStr.java – End of binarise, returning: 11
2024/10/16 20:12:54,351 [ INFO ] ChekcStr.java – End of binarise, returning: 011
2024/10/16 20:12:54,351 [ INFO ] ChekcStr.java – End of binarise, returning: 1011
2024/10/16 20:12:54,351 [ INFO ] ChekcStr.java – End of binarise, returning: 01011
2024/10/16 20:12:54,351 [ INFO ] ChekcStr.java – End of binarise, returning: 001011
2024/10/16 20:12:54,352 [ INFO ] ChekcStr.java – Instantiated Class ChekcStr
2024/10/16 20:12:54,352 [ INFO ] ChekcStr.java – Start of convert with params: 5
2024/10/16 20:12:54,352 [ INFO ] ChekcStr.java – Start of total with params: 5
2024/10/16 20:12:54,352 [ INFO ] ChekcStr.java – End of total, returning: 53
2024/10/16 20:12:54,352 [ INFO ] ChekcStr.java – Start of convert with params: 53
2024/10/16 20:12:54,352 [ INFO ] ChekcStr.java – Start of convert with params: 26
2024/10/16 20:12:54,352 [ INFO ] ChekcStr.java – Start of convert with params: 13
2024/10/16 20:12:54,352 [ INFO ] ChekcStr.java – Start of convert with params: 6
2024/10/16 20:12:54,352 [ INFO ] ChekcStr.java – Start of convert with params: 3
2024/10/16 20:12:54,352 [ INFO ] ChekcStr.java – Start of convert with params: 1
2024/10/16 20:12:54,352 [ INFO ] ChekcStr.java – Start of convert with params: 0
2024/10/16 20:12:54,352 [ INFO ] ChekcStr.java – End of binarise, returning: ''
2024/10/16 20:12:54,352 [ INFO ] ChekcStr.java – End of binarise, returning: 1
2024/10/16 20:12:54,352 [ INFO ] ChekcStr.java – End of binarise, returning: 11
2024/10/16 20:12:54,352 [ INFO ] ChekcStr.java – End of binarise, returning: 011
2024/10/16 20:12:54,352 [ INFO ] ChekcStr.java – End of binarise, returning: 1011
2024/10/16 20:12:54,352 [ INFO ] ChekcStr.java – End of binarise, returning: 01011
2024/10/16 20:12:54,352 [ INFO ] ChekcStr.java – End of binarise, returning: 101011
2024/10/16 20:12:54,352 [ INFO ] ChekcStr.java – End of convert, returning: 101011
2024/10/16 20:12:54,352 [ INFO ] ChekcStr.java – Start of total with params: 5
2024/10/16 20:12:54,352 [ INFO ] ChekcStr.java – End of total, returning: 53
2024/10/16 20:12:54,352 [ INFO ] ChekcStr.java – Start of convert with params: 53
2024/10/16 20:12:54,352 [ INFO ] ChekcStr.java – Start of convert with params: 26
2024/10/16 20:12:54,352 [ INFO ] ChekcStr.java – Start of convert with params: 13
2024/10/16 20:12:54,352 [ INFO ] ChekcStr.java – Start of convert with params: 6
2024/10/16 20:12:54,352 [ INFO ] ChekcStr.java – Start of convert with params: 3
2024/10/16 20:12:54,352 [ INFO ] ChekcStr.java – Start of convert with params: 1
2024/10/16 20:12:54,352 [ INFO ] ChekcStr.java – Start of convert with params: 0
2024/10/16 20:12:54,352 [ INFO ] ChekcStr.java – End of binarise, returning: ''
2024/10/16 20:12:54,352 [ INFO ] ChekcStr.java – End of binarise, returning: 1
2024/10/16 20:12:54,352 [ INFO ] ChekcStr.java – End of binarise, returning: 11
2024/10/16 20:12:54,352 [ INFO ] ChekcStr.java – End of binarise, returning: 011
2024/10/16 20:12:54,352 [ INFO ] ChekcStr.java – End of binarise, returning: 1011
2024/10/16 20:12:54,352 [ INFO ] ChekcStr.java – End of binarise, returning: 01011
2024/10/16 20:12:54,352 [ INFO ] ChekcStr.java – End of binarise, returning: 101011
2024/10/16 20:12:54,353 [ INFO ] ChekcStr.java – Instantiated Class ChekcStr
2024/10/16 20:12:54,353 [ INFO ] ChekcStr.java – Start of convert with params: 6
2024/10/16 20:12:54,353 [ INFO ] ChekcStr.java – Start of total with params: 6
2024/10/16 20:12:54,353 [ INFO ] ChekcStr.java – End of total, returning: 54
2024/10/16 20:12:54,353 [ INFO ] ChekcStr.java – Start of convert with params: 54
2024/10/16 20:12:54,353 [ INFO ] ChekcStr.java – Start of convert with params: 27
2024/10/16 20:12:54,353 [ INFO ] ChekcStr.java – Start of convert with params: 13
2024/10/16 20:12:54,353 [ INFO ] ChekcStr.java – Start of convert with params: 6
2024/10/16 20:12:54,353 [ INFO ] ChekcStr.java – Start of convert with params: 3
2024/10/16 20:12:54,353 [ INFO ] ChekcStr.java – Start of convert with params: 1
2024/10/16 20:12:54,353 [ INFO ] ChekcStr.java – Start of convert with params: 0
2024/10/16 20:12:54,353 [ INFO ] ChekcStr.java – End of binarise, returning: ''
2024/10/16 20:12:54,353 [ INFO ] ChekcStr.java – End of binarise, returning: 1
2024/10/16 20:12:54,353 [ INFO ] ChekcStr.java – End of binarise, returning: 11
2024/10/16 20:12:54,353 [ INFO ] ChekcStr.java – End of binarise, returning: 011
2024/10/16 20:12:54,353 [ INFO ] ChekcStr.java – End of binarise, returning: 1011
2024/10/16 20:12:54,353 [ INFO ] ChekcStr.java – End of binarise, returning: 11011
2024/10/16 20:12:54,353 [ INFO ] ChekcStr.java – End of binarise, returning: 011011
2024/10/16 20:12:54,353 [ INFO ] ChekcStr.java – End of convert, returning: 011011
2024/10/16 20:12:54,353 [ INFO ] ChekcStr.java – Start of total with params: 6
2024/10/16 20:12:54,353 [ INFO ] ChekcStr.java – End of total, returning: 54
2024/10/16 20:12:54,353 [ INFO ] ChekcStr.java – Start of convert with params: 54
2024/10/16 20:12:54,353 [ INFO ] ChekcStr.java – Start of convert with params: 27
2024/10/16 20:12:54,353 [ INFO ] ChekcStr.java – Start of convert with params: 13
2024/10/16 20:12:54,353 [ INFO ] ChekcStr.java – Start of convert with params: 6
2024/10/16 20:12:54,353 [ INFO ] ChekcStr.java – Start of convert with params: 3
2024/10/16 20:12:54,353 [ INFO ] ChekcStr.java – Start of convert with params: 1
2024/10/16 20:12:54,353 [ INFO ] ChekcStr.java – Start of convert with params: 0
2024/10/16 20:12:54,353 [ INFO ] ChekcStr.java – End of binarise, returning: ''
2024/10/16 20:12:54,353 [ INFO ] ChekcStr.java – End of binarise, returning: 1
2024/10/16 20:12:54,353 [ INFO ] ChekcStr.java – End of binarise, returning: 11
2024/10/16 20:12:54,353 [ INFO ] ChekcStr.java – End of binarise, returning: 011
2024/10/16 20:12:54,353 [ INFO ] ChekcStr.java – End of binarise, returning: 1011
2024/10/16 20:12:54,353 [ INFO ] ChekcStr.java – End of binarise, returning: 11011
2024/10/16 20:12:54,353 [ INFO ] ChekcStr.java – End of binarise, returning: 011011
2024/10/16 20:12:54,353 [ INFO ] ChekcStr.java – Instantiated Class ChekcStr
2024/10/16 20:12:54,353 [ INFO ] ChekcStr.java – Start of convert with params: 7
2024/10/16 20:12:54,353 [ INFO ] ChekcStr.java – Start of total with params: 7
2024/10/16 20:12:54,353 [ INFO ] ChekcStr.java – End of total, returning: 55
2024/10/16 20:12:54,353 [ INFO ] ChekcStr.java – Start of convert with params: 55
2024/10/16 20:12:54,353 [ INFO ] ChekcStr.java – Start of convert with params: 27
2024/10/16 20:12:54,353 [ INFO ] ChekcStr.java – Start of convert with params: 13
2024/10/16 20:12:54,353 [ INFO ] ChekcStr.java – Start of convert with params: 6
2024/10/16 20:12:54,353 [ INFO ] ChekcStr.java – Start of convert with params: 3
2024/10/16 20:12:54,353 [ INFO ] ChekcStr.java – Start of convert with params: 1
2024/10/16 20:12:54,353 [ INFO ] ChekcStr.java – Start of convert with params: 0
2024/10/16 20:12:54,354 [ INFO ] ChekcStr.java – End of binarise, returning: ''
2024/10/16 20:12:54,354 [ INFO ] ChekcStr.java – End of binarise, returning: 1
2024/10/16 20:12:54,354 [ INFO ] ChekcStr.java – End of binarise, returning: 11
2024/10/16 20:12:54,354 [ INFO ] ChekcStr.java – End of binarise, returning: 011
2024/10/16 20:12:54,354 [ INFO ] ChekcStr.java – End of binarise, returning: 1011
2024/10/16 20:12:54,354 [ INFO ] ChekcStr.java – End of binarise, returning: 11011
2024/10/16 20:12:54,354 [ INFO ] ChekcStr.java – End of binarise, returning: 111011
2024/10/16 20:12:54,354 [ INFO ] ChekcStr.java – End of convert, returning: 111011
2024/10/16 20:12:54,354 [ INFO ] ChekcStr.java – Start of total with params: 7
2024/10/16 20:12:54,354 [ INFO ] ChekcStr.java – End of total, returning: 55
2024/10/16 20:12:54,354 [ INFO ] ChekcStr.java – Start of convert with params: 55
2024/10/16 20:12:54,354 [ INFO ] ChekcStr.java – Start of convert with params: 27
2024/10/16 20:12:54,354 [ INFO ] ChekcStr.java – Start of convert with params: 13
2024/10/16 20:12:54,354 [ INFO ] ChekcStr.java – Start of convert with params: 6
2024/10/16 20:12:54,354 [ INFO ] ChekcStr.java – Start of convert with params: 3
2024/10/16 20:12:54,354 [ INFO ] ChekcStr.java – Start of convert with params: 1
2024/10/16 20:12:54,354 [ INFO ] ChekcStr.java – Start of convert with params: 0
2024/10/16 20:12:54,354 [ INFO ] ChekcStr.java – End of binarise, returning: ''
2024/10/16 20:12:54,354 [ INFO ] ChekcStr.java – End of binarise, returning: 1
2024/10/16 20:12:54,354 [ INFO ] ChekcStr.java – End of binarise, returning: 11
2024/10/16 20:12:54,354 [ INFO ] ChekcStr.java – End of binarise, returning: 011
2024/10/16 20:12:54,354 [ INFO ] ChekcStr.java – End of binarise, returning: 1011
2024/10/16 20:12:54,354 [ INFO ] ChekcStr.java – End of binarise, returning: 11011
2024/10/16 20:12:54,354 [ INFO ] ChekcStr.java – End of binarise, returning: 111011
2024/10/16 20:12:54,354 [ INFO ] ChekcStr.java – Instantiated Class ChekcStr
2024/10/16 20:12:54,354 [ INFO ] ChekcStr.java – Start of convert with params: 8
2024/10/16 20:12:54,354 [ INFO ] ChekcStr.java – Start of total with params: 8
2024/10/16 20:12:54,354 [ INFO ] ChekcStr.java – End of total, returning: 56
2024/10/16 20:12:54,354 [ INFO ] ChekcStr.java – Start of convert with params: 56
2024/10/16 20:12:54,354 [ INFO ] ChekcStr.java – Start of convert with params: 28
2024/10/16 20:12:54,354 [ INFO ] ChekcStr.java – Start of convert with params: 14
2024/10/16 20:12:54,354 [ INFO ] ChekcStr.java – Start of convert with params: 7
2024/10/16 20:12:54,354 [ INFO ] ChekcStr.java – Start of convert with params: 3
2024/10/16 20:12:54,354 [ INFO ] ChekcStr.java – Start of convert with params: 1
2024/10/16 20:12:54,354 [ INFO ] ChekcStr.java – Start of convert with params: 0
