2024/10/16 20:12:54,237 [ INFO ] ChekcStr.java – Start of convert with params: 2
2024/10/16 20:12:54,249 [ INFO ] ChekcStr.java – Start of convert with params: 1
2024/10/16 20:12:54,249 [ INFO ] ChekcStr.java – Start of convert with params: 0
2024/10/16 20:12:54,250 [ INFO ] ChekcStr.java – End of binarise, returning: ''
2024/10/16 20:12:54,250 [ INFO ] ChekcStr.java – End of binarise, returning: 1
2024/10/16 20:12:54,250 [ INFO ] ChekcStr.java – End of binarise, returning: 01
2024/10/16 20:12:54,250 [ INFO ] ChekcStr.java – End of binarise, returning: 101
2024/10/16 20:12:54,250 [ INFO ] ChekcStr.java – Instantiated Class ChekcStr
2024/10/16 20:12:54,250 [ INFO ] ChekcStr.java – Start of convert with params: 6
2024/10/16 20:12:54,250 [ INFO ] ChekcStr.java – Start of convert with params: 3
2024/10/16 20:12:54,250 [ INFO ] ChekcStr.java – Start of convert with params: 1
2024/10/16 20:12:54,250 [ INFO ] ChekcStr.java – Start of convert with params: 0
2024/10/16 20:12:54,250 [ INFO ] ChekcStr.java – End of binarise, returning: ''
2024/10/16 20:12:54,250 [ INFO ] ChekcStr.java – End of binarise, returning: 1
2024/10/16 20:12:54,250 [ INFO ] ChekcStr.java – End of binarise, returning: 11
2024/10/16 20:12:54,250 [ INFO ] ChekcStr.java – End of binarise, returning: 011
2024/10/16 20:12:54,251 [ INFO ] ChekcStr.java – Instantiated Class ChekcStr
2024/10/16 20:12:54,251 [ INFO ] ChekcStr.java – Start of convert with params: 7
2024/10/16 20:12:54,251 [ INFO ] ChekcStr.java – Start of convert with params: 3
2024/10/16 20:12:54,251 [ INFO ] ChekcStr.java – Start of convert with params: 1
2024/10/16 20:12:54,251 [ INFO ] ChekcStr.java – Start of convert with params: 0
2024/10/16 20:12:54,251 [ INFO ] ChekcStr.java – End of binarise, returning: ''
2024/10/16 20:12:54,251 [ INFO ] ChekcStr.java – End of binarise, returning: 1
2024/10/16 20:12:54,251 [ INFO ] ChekcStr.java – End of binarise, returning: 11
2024/10/16 20:12:54,251 [ INFO ] ChekcStr.java – End of binarise, returning: 111
2024/10/16 20:12:54,251 [ INFO ] ChekcStr.java – Instantiated Class ChekcStr
2024/10/16 20:12:54,251 [ INFO ] ChekcStr.java – Start of convert with params: 8
2024/10/16 20:12:54,251 [ INFO ] ChekcStr.java – Start of convert with params: 4
2024/10/16 20:12:54,251 [ INFO ] ChekcStr.java – Start of convert with params: 2
2024/10/16 20:12:54,251 [ INFO ] ChekcStr.java – Start of convert with params: 1
2024/10/16 20:12:54,251 [ INFO ] ChekcStr.java – Start of convert with params: 0
2024/10/16 20:12:54,251 [ INFO ] ChekcStr.java – End of binarise, returning: ''
2024/10/16 20:12:54,251 [ INFO ] ChekcStr.java – End of binarise, returning: 1
2024/10/16 20:12:54,251 [ INFO ] ChekcStr.java – End of binarise, returning: 01
2024/10/16 20:12:54,251 [ INFO ] ChekcStr.java – End of binarise, returning: 001
2024/10/16 20:12:54,251 [ INFO ] ChekcStr.java – End of binarise, returning: 0001
2024/10/16 20:12:54,252 [ INFO ] ChekcStr.java – Instantiated Class ChekcStr
2024/10/16 20:12:54,252 [ INFO ] ChekcStr.java – Start of convert with params: 9
2024/10/16 20:12:54,252 [ INFO ] ChekcStr.java – Start of convert with params: 4
2024/10/16 20:12:54,252 [ INFO ] ChekcStr.java – Start of convert with params: 2
2024/10/16 20:12:54,252 [ INFO ] ChekcStr.java – Start of convert with params: 1
2024/10/16 20:12:54,252 [ INFO ] ChekcStr.java – Start of convert with params: 0
2024/10/16 20:12:54,252 [ INFO ] ChekcStr.java – End of binarise, returning: ''
2024/10/16 20:12:54,252 [ INFO ] ChekcStr.java – End of binarise, returning: 1
2024/10/16 20:12:54,252 [ INFO ] ChekcStr.java – End of binarise, returning: 01
2024/10/16 20:12:54,252 [ INFO ] ChekcStr.java – End of binarise, returning: 001
2024/10/16 20:12:54,252 [ INFO ] ChekcStr.java – End of binarise, returning: 1001
2024/10/16 20:12:54,252 [ INFO ] ChekcStr.java – Instantiated Class ChekcStr
2024/10/16 20:12:54,252 [ INFO ] ChekcStr.java – Start of convert with params: 10
2024/10/16 20:12:54,252 [ INFO ] ChekcStr.java – Start of convert with params: 5
2024/10/16 20:12:54,252 [ INFO ] ChekcStr.java – Start of convert with params: 2
2024/10/16 20:12:54,253 [ INFO ] ChekcStr.java – Start of convert with params: 1
2024/10/16 20:12:54,253 [ INFO ] ChekcStr.java – Start of convert with params: 0
2024/10/16 20:12:54,253 [ INFO ] ChekcStr.java – End of binarise, returning: ''
2024/10/16 20:12:54,253 [ INFO ] ChekcStr.java – End of binarise, returning: 1
2024/10/16 20:12:54,253 [ INFO ] ChekcStr.java – End of binarise, returning: 01
2024/10/16 20:12:54,253 [ INFO ] ChekcStr.java – End of binarise, returning: 101
2024/10/16 20:12:54,253 [ INFO ] ChekcStr.java – End of binarise, returning: 0101
2024/10/16 20:12:54,253 [ INFO ] ChekcStr.java – Instantiated Class ChekcStr
2024/10/16 20:12:54,253 [ INFO ] ChekcStr.java – Start of total with params: 1
2024/10/16 20:12:54,254 [ INFO ] ChekcStr.java – End of total, returning: 49
2024/10/16 20:12:54,254 [ INFO ] ChekcStr.java – Instantiated Class ChekcStr
2024/10/16 20:12:54,254 [ INFO ] ChekcStr.java – Start of total with params: 2
2024/10/16 20:12:54,254 [ INFO ] ChekcStr.java – End of total, returning: 50
2024/10/16 20:12:54,254 [ INFO ] ChekcStr.java – Instantiated Class ChekcStr
2024/10/16 20:12:54,254 [ INFO ] ChekcStr.java – Start of total with params: 3
2024/10/16 20:12:54,254 [ INFO ] ChekcStr.java – End of total, returning: 51
2024/10/16 20:12:54,255 [ INFO ] ChekcStr.java – Instantiated Class ChekcStr
2024/10/16 20:12:54,255 [ INFO ] ChekcStr.java – Start of total with params: 4
2024/10/16 20:12:54,255 [ INFO ] ChekcStr.java – End of total, returning: 52
2024/10/16 20:12:54,255 [ INFO ] ChekcStr.java – Instantiated Class ChekcStr
2024/10/16 20:12:54,255 [ INFO ] ChekcStr.java – Start of total with params: 5
2024/10/16 20:12:54,255 [ INFO ] ChekcStr.java – End of total, returning: 53
2024/10/16 20:12:54,255 [ INFO ] ChekcStr.java – Instantiated Class ChekcStr
2024/10/16 20:12:54,255 [ INFO ] ChekcStr.java – Start of total with params: 6
2024/10/16 20:12:54,255 [ INFO ] ChekcStr.java – End of total, returning: 54
2024/10/16 20:12:54,256 [ INFO ] ChekcStr.java – Instantiated Class ChekcStr
2024/10/16 20:12:54,256 [ INFO ] ChekcStr.java – Start of total with params: 7
2024/10/16 20:12:54,256 [ INFO ] ChekcStr.java – End of total, returning: 55
2024/10/16 20:12:54,256 [ INFO ] ChekcStr.java – Instantiated Class ChekcStr
2024/10/16 20:12:54,256 [ INFO ] ChekcStr.java – Start of total with params: 8
2024/10/16 20:12:54,256 [ INFO ] ChekcStr.java – End of total, returning: 56
2024/10/16 20:12:54,256 [ INFO ] ChekcStr.java – Instantiated Class ChekcStr
2024/10/16 20:12:54,257 [ INFO ] ChekcStr.java – Start of total with params: 9
2024/10/16 20:12:54,257 [ INFO ] ChekcStr.java – End of total, returning: 57
2024/10/16 20:12:54,257 [ INFO ] ChekcStr.java – Instantiated Class ChekcStr
2024/10/16 20:12:54,257 [ INFO ] ChekcStr.java – Start of total with params: 10
2024/10/16 20:12:54,257 [ INFO ] ChekcStr.java – Start of total with params: 0
2024/10/16 20:12:54,257 [ INFO ] ChekcStr.java – End of total, returning: 48
2024/10/16 20:12:54,257 [ INFO ] ChekcStr.java – End of total, returning: 97
2024/10/16 20:12:54,258 [ INFO ] ChekcStr.java – Instantiated Class ChekcStr
2024/10/16 20:12:54,258 [ INFO ] ChekcStr.java – Start of total with params: 1
2024/10/16 20:12:54,258 [ INFO ] ChekcStr.java – End of total, returning: 49
2024/10/16 20:12:54,259 [ INFO ] ChekcStr.java – Instantiated Class ChekcStr
2024/10/16 20:12:54,259 [ INFO ] ChekcStr.java – Start of total with params:  
2024/10/16 20:12:54,259 [ INFO ] ChekcStr.java – End of total, returning: 32
2024/10/16 20:12:54,260 [ INFO ] ChekcStr.java – Instantiated Class ChekcStr
2024/10/16 20:12:54,260 [ INFO ] ChekcStr.java – Start of total with params: 3
2024/10/16 20:12:54,260 [ INFO ] ChekcStr.java – End of total, returning: 51
2024/10/16 20:12:54,260 [ INFO ] ChekcStr.java – Instantiated Class ChekcStr
2024/10/16 20:12:54,260 [ INFO ] ChekcStr.java – Start of total with params: 4
2024/10/16 20:12:54,260 [ INFO ] ChekcStr.java – End of total, returning: 52
2024/10/16 20:12:54,261 [ INFO ] ChekcStr.java – Instantiated Class ChekcStr
2024/10/16 20:12:54,261 [ INFO ] ChekcStr.java – Start of total with params: 5
2024/10/16 20:12:54,261 [ INFO ] ChekcStr.java – End of total, returning: 53
2024/10/16 20:12:54,261 [ INFO ] ChekcStr.java – Instantiated Class ChekcStr
2024/10/16 20:12:54,261 [ INFO ] ChekcStr.java – Start of total with params: 6
2024/10/16 20:12:54,261 [ INFO ] ChekcStr.java – End of total, returning: 54
2024/10/16 20:12:54,261 [ INFO ] ChekcStr.java – Instantiated Class ChekcStr
2024/10/16 20:12:54,261 [ INFO ] ChekcStr.java – Start of total with params: 7
2024/10/16 20:12:54,261 [ INFO ] ChekcStr.java – End of total, returning: 55
2024/10/16 20:12:54,262 [ INFO ] ChekcStr.java – Instantiated Class ChekcStr
2024/10/16 20:12:54,262 [ INFO ] ChekcStr.java – Start of total with params: 8
2024/10/16 20:12:54,262 [ INFO ] ChekcStr.java – End of total, returning: 56
2024/10/16 20:12:54,262 [ INFO ] ChekcStr.java – Instantiated Class ChekcStr
2024/10/16 20:12:54,262 [ INFO ] ChekcStr.java – Start of total with params: 9
2024/10/16 20:12:54,262 [ INFO ] ChekcStr.java – End of total, returning: 57
2024/10/16 20:12:54,262 [ INFO ] ChekcStr.java – Instantiated Class ChekcStr
2024/10/16 20:12:54,262 [ INFO ] ChekcStr.java – Start of total with params: 10
2024/10/16 20:12:54,262 [ INFO ] ChekcStr.java – Start of total with params: 0
2024/10/16 20:12:54,262 [ INFO ] ChekcStr.java – End of total, returning: 48
2024/10/16 20:12:54,262 [ INFO ] ChekcStr.java – End of total, returning: 97
2024/10/16 20:12:54,263 [ INFO ] ChekcStr.java – Instantiated Class ChekcStr
2024/10/16 20:12:54,263 [ INFO ] ChekcStr.java – Start of total with params:  
2024/10/16 20:12:54,263 [ INFO ] ChekcStr.java – End of total, returning: 32
2024/10/16 20:12:54,264 [ INFO ] ChekcStr.java – Instantiated Class ChekcStr
2024/10/16 20:12:54,264 [ INFO ] ChekcStr.java – Start of total with params: 
10001111

