2024-10-16 18:14:24,019 [Worker-6: Loading available Gradle versions] INFO  o.e.b.c.i.u.g.PublishedGradleVersions - Gradle version information cache is up-to-date. Trying to read.
2024-10-16 18:16:21,017 [Worker-39: Creating project "tabaoex14"] INFO  o.e.m.c.i.l.LifecycleMappingFactory - Using org.eclipse.m2e.jdt.JarLifecycleMapping lifecycle mapping for MavenProject: org.acumen.training.codes:tabaoex14:0.0.1-SNAPSHOT @ /Users/jefreytabao/Training/Demo/TabaoEx14/tabaoex14/pom.xml.
2024-10-16 18:16:22,262 [Worker-39: Creating project "tabaoex14"] INFO  o.e.m.j.i.AbstractJavaProjectConfigurator - Adding source folder /tabaoex14/src/main/java
2024-10-16 18:16:22,270 [Worker-39: Creating project "tabaoex14"] INFO  o.e.m.j.i.AbstractJavaProjectConfigurator - Adding resource folder /tabaoex14/src/main/resources
2024-10-16 18:16:22,273 [Worker-39: Creating project "tabaoex14"] INFO  o.e.m.j.i.AbstractJavaProjectConfigurator - Adding source folder /tabaoex14/src/test/java
2024-10-16 18:16:22,274 [Worker-39: Creating project "tabaoex14"] INFO  o.e.m.j.i.AbstractJavaProjectConfigurator - Adding resource folder /tabaoex14/src/test/resources
2024-10-16 18:16:23,441 [Worker-40: Building] WARN  o.a.m.s.f.DefaultMavenResourcesFiltering - Using platform encoding (UTF-8 actually) to copy filtered resources, i.e. build is platform dependent!
2024-10-16 18:16:23,447 [Worker-40: Building] INFO  o.a.m.s.f.DefaultMavenResourcesFiltering - Copying 0 resource from src/main/resources to target/classes
2024-10-16 18:16:23,462 [Worker-40: Building] WARN  o.a.m.s.f.DefaultMavenResourcesFiltering - Using platform encoding (UTF-8 actually) to copy filtered resources, i.e. build is platform dependent!
2024-10-16 18:16:23,469 [Worker-40: Building] INFO  o.a.m.s.f.DefaultMavenResourcesFiltering - Copying 0 resource from src/test/resources to target/test-classes
2024-10-16 18:17:43,510 [Worker-26: Building] INFO  o.e.m.c.i.l.LifecycleMappingFactory - Using org.eclipse.m2e.jdt.JarLifecycleMapping lifecycle mapping for MavenProject: org.acumen.training.codes:tabaoex14:0.0.1-SNAPSHOT @ /Users/jefreytabao/Training/Demo/TabaoEx14/tabaoex14/pom.xml.
2024-10-16 18:17:43,922 [Worker-26: Building] WARN  o.a.m.s.f.DefaultMavenResourcesFiltering - Using platform encoding (UTF-8 actually) to copy filtered resources, i.e. build is platform dependent!
2024-10-16 18:17:43,927 [Worker-26: Building] INFO  o.a.m.s.f.DefaultMavenResourcesFiltering - Copying 0 resource from src/main/resources to target/classes
2024-10-16 18:17:43,931 [Worker-26: Building] WARN  o.a.m.s.f.DefaultMavenResourcesFiltering - Using platform encoding (UTF-8 actually) to copy filtered resources, i.e. build is platform dependent!
2024-10-16 18:17:43,939 [Worker-26: Building] INFO  o.a.m.s.f.DefaultMavenResourcesFiltering - Copying 0 resource from src/test/resources to target/test-classes
2024-10-16 18:18:39,849 [Worker-39: Building] INFO  o.e.m.c.i.l.LifecycleMappingFactory - Using org.eclipse.m2e.jdt.JarLifecycleMapping lifecycle mapping for MavenProject: org.acumen.training.codes:tabaoex14:0.0.1-SNAPSHOT @ /Users/jefreytabao/Training/Demo/TabaoEx14/tabaoex14/pom.xml.
2024-10-16 18:18:40,190 [Worker-39: Building] WARN  o.a.m.s.f.DefaultMavenResourcesFiltering - Using platform encoding (UTF-8 actually) to copy filtered resources, i.e. build is platform dependent!
2024-10-16 18:18:40,200 [Worker-39: Building] INFO  o.a.m.s.f.DefaultMavenResourcesFiltering - Copying 0 resource from src/main/resources to target/classes
2024-10-16 18:18:40,212 [Worker-39: Building] WARN  o.a.m.s.f.DefaultMavenResourcesFiltering - Using platform encoding (UTF-8 actually) to copy filtered resources, i.e. build is platform dependent!
2024-10-16 18:18:40,219 [Worker-39: Building] INFO  o.a.m.s.f.DefaultMavenResourcesFiltering - Copying 0 resource from src/test/resources to target/test-classes
2024-10-16 18:18:54,595 [Worker-43: Building] INFO  o.e.m.c.i.l.LifecycleMappingFactory - Using org.eclipse.m2e.jdt.JarLifecycleMapping lifecycle mapping for MavenProject: org.acumen.training.codes:tabaoex14:0.0.1-SNAPSHOT @ /Users/jefreytabao/Training/Demo/TabaoEx14/tabaoex14/pom.xml.
2024-10-16 18:18:54,783 [Worker-43: Building] WARN  o.a.m.s.f.DefaultMavenResourcesFiltering - Using platform encoding (UTF-8 actually) to copy filtered resources, i.e. build is platform dependent!
2024-10-16 18:18:54,788 [Worker-43: Building] INFO  o.a.m.s.f.DefaultMavenResourcesFiltering - Copying 0 resource from src/main/resources to target/classes
2024-10-16 18:18:54,795 [Worker-43: Building] WARN  o.a.m.s.f.DefaultMavenResourcesFiltering - Using platform encoding (UTF-8 actually) to copy filtered resources, i.e. build is platform dependent!
2024-10-16 18:18:54,812 [Worker-43: Building] INFO  o.a.m.s.f.DefaultMavenResourcesFiltering - Copying 0 resource from src/test/resources to target/test-classes
2024-10-16 18:20:13,132 [Worker-43: Building] INFO  o.e.m.c.i.l.LifecycleMappingFactory - Using org.eclipse.m2e.jdt.JarLifecycleMapping lifecycle mapping for MavenProject: org.acumen.training.codes:tabaoex14:0.0.1-SNAPSHOT @ /Users/jefreytabao/Training/Demo/TabaoEx14/tabaoex14/pom.xml.
2024-10-16 18:20:13,571 [Worker-43: Building] WARN  o.a.m.s.f.DefaultMavenResourcesFiltering - Using platform encoding (UTF-8 actually) to copy filtered resources, i.e. build is platform dependent!
2024-10-16 18:20:13,578 [Worker-43: Building] INFO  o.a.m.s.f.DefaultMavenResourcesFiltering - Copying 0 resource from src/main/resources to target/classes
2024-10-16 18:20:13,585 [Worker-43: Building] WARN  o.a.m.s.f.DefaultMavenResourcesFiltering - Using platform encoding (UTF-8 actually) to copy filtered resources, i.e. build is platform dependent!
2024-10-16 18:20:13,592 [Worker-43: Building] INFO  o.a.m.s.f.DefaultMavenResourcesFiltering - Copying 0 resource from src/test/resources to target/test-classes
2024-10-16 18:20:15,044 [Worker-42: Building] WARN  o.a.m.s.f.DefaultMavenResourcesFiltering - Using platform encoding (UTF-8 actually) to copy filtered resources, i.e. build is platform dependent!
2024-10-16 18:20:15,049 [Worker-42: Building] INFO  o.a.m.s.f.DefaultMavenResourcesFiltering - Copying 0 resource from src/main/resources to target/classes
2024-10-16 18:20:15,052 [Worker-42: Building] WARN  o.a.m.s.f.DefaultMavenResourcesFiltering - Using platform encoding (UTF-8 actually) to copy filtered resources, i.e. build is platform dependent!
2024-10-16 18:20:15,058 [Worker-42: Building] INFO  o.a.m.s.f.DefaultMavenResourcesFiltering - Copying 0 resource from src/test/resources to target/test-classes
2024-10-16 18:21:13,557 [Worker-42: Building] INFO  o.e.m.c.i.l.LifecycleMappingFactory - Using org.eclipse.m2e.jdt.JarLifecycleMapping lifecycle mapping for MavenProject: org.acumen.training.codes:tabaoex14:0.0.1-SNAPSHOT @ /Users/jefreytabao/Training/Demo/TabaoEx14/tabaoex14/pom.xml.
2024-10-16 18:21:13,858 [Worker-42: Building] WARN  o.a.m.s.f.DefaultMavenResourcesFiltering - Using platform encoding (UTF-8 actually) to copy filtered resources, i.e. build is platform dependent!
2024-10-16 18:21:13,861 [Worker-42: Building] INFO  o.a.m.s.f.DefaultMavenResourcesFiltering - Copying 0 resource from src/main/resources to target/classes
2024-10-16 18:21:13,864 [Worker-42: Building] WARN  o.a.m.s.f.DefaultMavenResourcesFiltering - Using platform encoding (UTF-8 actually) to copy filtered resources, i.e. build is platform dependent!
2024-10-16 18:21:13,871 [Worker-42: Building] INFO  o.a.m.s.f.DefaultMavenResourcesFiltering - Copying 0 resource from src/test/resources to target/test-classes
2024-10-16 18:21:15,261 [Worker-43: Building] WARN  o.a.m.s.f.DefaultMavenResourcesFiltering - Using platform encoding (UTF-8 actually) to copy filtered resources, i.e. build is platform dependent!
2024-10-16 18:21:15,267 [Worker-43: Building] INFO  o.a.m.s.f.DefaultMavenResourcesFiltering - Copying 0 resource from src/main/resources to target/classes
2024-10-16 18:21:15,270 [Worker-43: Building] WARN  o.a.m.s.f.DefaultMavenResourcesFiltering - Using platform encoding (UTF-8 actually) to copy filtered resources, i.e. build is platform dependent!
2024-10-16 18:21:15,279 [Worker-43: Building] INFO  o.a.m.s.f.DefaultMavenResourcesFiltering - Copying 0 resource from src/test/resources to target/test-classes
2024-10-16 18:21:46,749 [Worker-42: Building] INFO  o.e.m.c.i.l.LifecycleMappingFactory - Using org.eclipse.m2e.jdt.JarLifecycleMapping lifecycle mapping for MavenProject: org.acumen.training.codes:tabaoex14:0.0.1-SNAPSHOT @ /Users/jefreytabao/Training/Demo/TabaoEx14/tabaoex14/pom.xml.
2024-10-16 18:21:47,042 [Worker-42: Building] WARN  o.a.m.s.f.DefaultMavenResourcesFiltering - Using platform encoding (UTF-8 actually) to copy filtered resources, i.e. build is platform dependent!
2024-10-16 18:21:47,045 [Worker-42: Building] INFO  o.a.m.s.f.DefaultMavenResourcesFiltering - Copying 0 resource from src/main/resources to target/classes
2024-10-16 18:21:47,048 [Worker-42: Building] WARN  o.a.m.s.f.DefaultMavenResourcesFiltering - Using platform encoding (UTF-8 actually) to copy filtered resources, i.e. build is platform dependent!
2024-10-16 18:21:47,055 [Worker-42: Building] INFO  o.a.m.s.f.DefaultMavenResourcesFiltering - Copying 0 resource from src/test/resources to target/test-classes
2024-10-16 18:21:47,311 [Worker-43: Updating Maven Project] INFO  o.e.m.c.i.p.ProjectConfigurationManager - Update started
2024-10-16 18:21:47,598 [Worker-43: Updating Maven Project] INFO  o.e.m.c.i.l.LifecycleMappingFactory - Using org.eclipse.m2e.jdt.JarLifecycleMapping lifecycle mapping for MavenProject: org.acumen.training.codes:tabaoex14:0.0.1-SNAPSHOT @ /Users/jefreytabao/Training/Demo/TabaoEx14/tabaoex14/pom.xml.
2024-10-16 18:21:47,992 [Worker-43: Updating Maven Project] INFO  o.e.m.j.i.AbstractJavaProjectConfigurator - Adding source folder /tabaoex14/src/main/java
2024-10-16 18:21:48,002 [Worker-43: Updating Maven Project] INFO  o.e.m.j.i.AbstractJavaProjectConfigurator - Adding resource folder /tabaoex14/src/main/resources
2024-10-16 18:21:48,013 [Worker-43: Updating Maven Project] INFO  o.e.m.j.i.AbstractJavaProjectConfigurator - Adding source folder /tabaoex14/src/test/java
2024-10-16 18:21:48,014 [Worker-43: Updating Maven Project] INFO  o.e.m.j.i.AbstractJavaProjectConfigurator - Adding resource folder /tabaoex14/src/test/resources
2024-10-16 18:21:49,052 [Worker-43: Updating Maven Project] INFO  o.e.m.c.i.p.ProjectConfigurationManager - Update completed for 1 poms: local refresh takes 0.00 sec, refresh facades takes 0.00 sec, update config takes 0.00 sec 
2024-10-16 18:21:49,370 [Worker-41: Building] WARN  o.a.m.s.f.DefaultMavenResourcesFiltering - Using platform encoding (UTF-8 actually) to copy filtered resources, i.e. build is platform dependent!
2024-10-16 18:21:49,379 [Worker-41: Building] INFO  o.a.m.s.f.DefaultMavenResourcesFiltering - Copying 0 resource from src/main/resources to target/classes
2024-10-16 18:21:49,405 [Worker-41: Building] WARN  o.a.m.s.f.DefaultMavenResourcesFiltering - Using platform encoding (UTF-8 actually) to copy filtered resources, i.e. build is platform dependent!
2024-10-16 18:21:49,413 [Worker-41: Building] INFO  o.a.m.s.f.DefaultMavenResourcesFiltering - Copying 0 resource from src/test/resources to target/test-classes
2024-10-16 18:22:35,575 [Worker-39: Building] INFO  o.e.m.c.i.l.LifecycleMappingFactory - Using org.eclipse.m2e.jdt.JarLifecycleMapping lifecycle mapping for MavenProject: org.acumen.training.codes:tabaoex14:0.0.1-SNAPSHOT @ /Users/jefreytabao/Training/Demo/TabaoEx14/tabaoex14/pom.xml.
2024-10-16 18:22:35,859 [Worker-39: Building] WARN  o.a.m.s.f.DefaultMavenResourcesFiltering - Using platform encoding (UTF-8 actually) to copy filtered resources, i.e. build is platform dependent!
2024-10-16 18:22:35,865 [Worker-39: Building] INFO  o.a.m.s.f.DefaultMavenResourcesFiltering - Copying 0 resource from src/main/resources to target/classes
2024-10-16 18:22:35,869 [Worker-39: Building] WARN  o.a.m.s.f.DefaultMavenResourcesFiltering - Using platform encoding (UTF-8 actually) to copy filtered resources, i.e. build is platform dependent!
2024-10-16 18:22:35,875 [Worker-39: Building] INFO  o.a.m.s.f.DefaultMavenResourcesFiltering - Copying 0 resource from src/test/resources to target/test-classes
2024-10-16 18:22:49,335 [Worker-43: Updating Maven Project] INFO  o.e.m.c.i.p.ProjectConfigurationManager - Update started
2024-10-16 18:22:49,845 [Worker-43: Updating Maven Project] INFO  o.e.m.c.i.l.LifecycleMappingFactory - Using org.eclipse.m2e.jdt.JarLifecycleMapping lifecycle mapping for MavenProject: org.acumen.training.codes:tabaoex14:0.0.1-SNAPSHOT @ /Users/jefreytabao/Training/Demo/TabaoEx14/tabaoex14/pom.xml.
2024-10-16 18:22:50,127 [Worker-43: Updating Maven Project] INFO  o.e.m.j.i.AbstractJavaProjectConfigurator - Adding source folder /tabaoex14/src/main/java
2024-10-16 18:22:50,128 [Worker-43: Updating Maven Project] INFO  o.e.m.j.i.AbstractJavaProjectConfigurator - Adding resource folder /tabaoex14/src/main/resources
2024-10-16 18:22:50,128 [Worker-43: Updating Maven Project] INFO  o.e.m.j.i.AbstractJavaProjectConfigurator - Adding source folder /tabaoex14/src/test/java
2024-10-16 18:22:50,128 [Worker-43: Updating Maven Project] INFO  o.e.m.j.i.AbstractJavaProjectConfigurator - Adding resource folder /tabaoex14/src/test/resources
2024-10-16 18:22:50,436 [Worker-43: Updating Maven Project] INFO  o.e.m.c.i.p.ProjectConfigurationManager - Update completed for 1 poms: local refresh takes 0.00 sec, refresh facades takes 0.00 sec, update config takes 0.00 sec 
2024-10-16 18:22:50,681 [Worker-43: Building] WARN  o.a.m.s.f.DefaultMavenResourcesFiltering - Using platform encoding (UTF-8 actually) to copy filtered resources, i.e. build is platform dependent!
2024-10-16 18:22:50,692 [Worker-43: Building] INFO  o.a.m.s.f.DefaultMavenResourcesFiltering - Copying 0 resource from src/main/resources to target/classes
2024-10-16 18:22:50,702 [Worker-43: Building] WARN  o.a.m.s.f.DefaultMavenResourcesFiltering - Using platform encoding (UTF-8 actually) to copy filtered resources, i.e. build is platform dependent!
2024-10-16 18:22:50,706 [Worker-43: Building] INFO  o.a.m.s.f.DefaultMavenResourcesFiltering - Copying 0 resource from src/test/resources to target/test-classes
2024-10-16 18:26:09,171 [Worker-42: Launching Executing clean in _Users_jefreytabao_Training_Demo_TabaoEx14_tabaoex14] INFO  o.eclipse.m2e.core.internal.Bundles - getClasspathEntries(Bundle=org.eclipse.m2e.maven.runtime_3.9.600.20231203-1234 [632])
2024-10-16 18:26:09,174 [Worker-42: Launching Executing clean in _Users_jefreytabao_Training_Demo_TabaoEx14_tabaoex14] INFO  o.eclipse.m2e.core.internal.Bundles - 	Entry: /Applications/Eclipse.app/Contents/Eclipse/plugins/org.eclipse.m2e.maven.runtime_3.9.600.20231203-1234
2024-10-16 18:26:09,175 [Worker-42: Launching Executing clean in _Users_jefreytabao_Training_Demo_TabaoEx14_tabaoex14] INFO  o.eclipse.m2e.core.internal.Bundles - 	Entry: /Applications/Eclipse.app/Contents/Eclipse/plugins/org.eclipse.m2e.maven.runtime_3.9.600.20231203-1234/jars/aopalliance-1.0.jar
2024-10-16 18:26:09,175 [Worker-42: Launching Executing clean in _Users_jefreytabao_Training_Demo_TabaoEx14_tabaoex14] INFO  o.eclipse.m2e.core.internal.Bundles - 	Entry: /Applications/Eclipse.app/Contents/Eclipse/plugins/org.eclipse.m2e.maven.runtime_3.9.600.20231203-1234/jars/guice-5.1.0.jar
2024-10-16 18:26:09,175 [Worker-42: Launching Executing clean in _Users_jefreytabao_Training_Demo_TabaoEx14_tabaoex14] INFO  o.eclipse.m2e.core.internal.Bundles - 	Entry: /Applications/Eclipse.app/Contents/Eclipse/plugins/org.eclipse.m2e.maven.runtime_3.9.600.20231203-1234/jars/httpclient-4.5.14.jar
2024-10-16 18:26:09,175 [Worker-42: Launching Executing clean in _Users_jefreytabao_Training_Demo_TabaoEx14_tabaoex14] INFO  o.eclipse.m2e.core.internal.Bundles - 	Entry: /Applications/Eclipse.app/Contents/Eclipse/plugins/org.eclipse.m2e.maven.runtime_3.9.600.20231203-1234/jars/httpcore-4.4.16.jar
2024-10-16 18:26:09,175 [Worker-42: Launching Executing clean in _Users_jefreytabao_Training_Demo_TabaoEx14_tabaoex14] INFO  o.eclipse.m2e.core.internal.Bundles - 	Entry: /Applications/Eclipse.app/Contents/Eclipse/plugins/org.eclipse.m2e.maven.runtime_3.9.600.20231203-1234/jars/jansi-2.4.0.jar
2024-10-16 18:26:09,175 [Worker-42: Launching Executing clean in _Users_jefreytabao_Training_Demo_TabaoEx14_tabaoex14] INFO  o.eclipse.m2e.core.internal.Bundles - 	Entry: /Applications/Eclipse.app/Contents/Eclipse/plugins/org.eclipse.m2e.maven.runtime_3.9.600.20231203-1234/jars/jcl-over-slf4j-1.7.36.jar
2024-10-16 18:26:09,175 [Worker-42: Launching Executing clean in _Users_jefreytabao_Training_Demo_TabaoEx14_tabaoex14] INFO  o.eclipse.m2e.core.internal.Bundles - 	Entry: /Applications/Eclipse.app/Contents/Eclipse/plugins/org.eclipse.m2e.maven.runtime_3.9.600.20231203-1234/jars/maven-artifact-3.9.6.jar
2024-10-16 18:26:09,175 [Worker-42: Launching Executing clean in _Users_jefreytabao_Training_Demo_TabaoEx14_tabaoex14] INFO  o.eclipse.m2e.core.internal.Bundles - 	Entry: /Applications/Eclipse.app/Contents/Eclipse/plugins/org.eclipse.m2e.maven.runtime_3.9.600.20231203-1234/jars/maven-builder-support-3.9.6.jar
2024-10-16 18:26:09,175 [Worker-42: Launching Executing clean in _Users_jefreytabao_Training_Demo_TabaoEx14_tabaoex14] INFO  o.eclipse.m2e.core.internal.Bundles - 	Entry: /Applications/Eclipse.app/Contents/Eclipse/plugins/org.eclipse.m2e.maven.runtime_3.9.600.20231203-1234/jars/maven-compat-3.9.6.jar
2024-10-16 18:26:09,175 [Worker-42: Launching Executing clean in _Users_jefreytabao_Training_Demo_TabaoEx14_tabaoex14] INFO  o.eclipse.m2e.core.internal.Bundles - 	Entry: /Applications/Eclipse.app/Contents/Eclipse/plugins/org.eclipse.m2e.maven.runtime_3.9.600.20231203-1234/jars/maven-core-3.9.6.jar
2024-10-16 18:26:09,175 [Worker-42: Launching Executing clean in _Users_jefreytabao_Training_Demo_TabaoEx14_tabaoex14] INFO  o.eclipse.m2e.core.internal.Bundles - 	Entry: /Applications/Eclipse.app/Contents/Eclipse/plugins/org.eclipse.m2e.maven.runtime_3.9.600.20231203-1234/jars/maven-embedder-3.9.6.jar
2024-10-16 18:26:09,175 [Worker-42: Launching Executing clean in _Users_jefreytabao_Training_Demo_TabaoEx14_tabaoex14] INFO  o.eclipse.m2e.core.internal.Bundles - 	Entry: /Applications/Eclipse.app/Contents/Eclipse/plugins/org.eclipse.m2e.maven.runtime_3.9.600.20231203-1234/jars/maven-model-3.9.6.jar
2024-10-16 18:26:09,175 [Worker-42: Launching Executing clean in _Users_jefreytabao_Training_Demo_TabaoEx14_tabaoex14] INFO  o.eclipse.m2e.core.internal.Bundles - 	Entry: /Applications/Eclipse.app/Contents/Eclipse/plugins/org.eclipse.m2e.maven.runtime_3.9.600.20231203-1234/jars/maven-model-builder-3.9.6.jar
2024-10-16 18:26:09,175 [Worker-42: Launching Executing clean in _Users_jefreytabao_Training_Demo_TabaoEx14_tabaoex14] INFO  o.eclipse.m2e.core.internal.Bundles - 	Entry: /Applications/Eclipse.app/Contents/Eclipse/plugins/org.eclipse.m2e.maven.runtime_3.9.600.20231203-1234/jars/maven-plugin-api-3.9.6.jar
2024-10-16 18:26:09,175 [Worker-42: Launching Executing clean in _Users_jefreytabao_Training_Demo_TabaoEx14_tabaoex14] INFO  o.eclipse.m2e.core.internal.Bundles - 	Entry: /Applications/Eclipse.app/Contents/Eclipse/plugins/org.eclipse.m2e.maven.runtime_3.9.600.20231203-1234/jars/maven-repository-metadata-3.9.6.jar
2024-10-16 18:26:09,175 [Worker-42: Launching Executing clean in _Users_jefreytabao_Training_Demo_TabaoEx14_tabaoex14] INFO  o.eclipse.m2e.core.internal.Bundles - 	Entry: /Applications/Eclipse.app/Contents/Eclipse/plugins/org.eclipse.m2e.maven.runtime_3.9.600.20231203-1234/jars/maven-resolver-api-1.9.18.jar
2024-10-16 18:26:09,175 [Worker-42: Launching Executing clean in _Users_jefreytabao_Training_Demo_TabaoEx14_tabaoex14] INFO  o.eclipse.m2e.core.internal.Bundles - 	Entry: /Applications/Eclipse.app/Contents/Eclipse/plugins/org.eclipse.m2e.maven.runtime_3.9.600.20231203-1234/jars/maven-resolver-connector-basic-1.9.18.jar
2024-10-16 18:26:09,175 [Worker-42: Launching Executing clean in _Users_jefreytabao_Training_Demo_TabaoEx14_tabaoex14] INFO  o.eclipse.m2e.core.internal.Bundles - 	Entry: /Applications/Eclipse.app/Contents/Eclipse/plugins/org.eclipse.m2e.maven.runtime_3.9.600.20231203-1234/jars/maven-resolver-impl-1.9.18.jar
2024-10-16 18:26:09,176 [Worker-42: Launching Executing clean in _Users_jefreytabao_Training_Demo_TabaoEx14_tabaoex14] INFO  o.eclipse.m2e.core.internal.Bundles - 	Entry: /Applications/Eclipse.app/Contents/Eclipse/plugins/org.eclipse.m2e.maven.runtime_3.9.600.20231203-1234/jars/maven-resolver-named-locks-1.9.18.jar
2024-10-16 18:26:09,176 [Worker-42: Launching Executing clean in _Users_jefreytabao_Training_Demo_TabaoEx14_tabaoex14] INFO  o.eclipse.m2e.core.internal.Bundles - 	Entry: /Applications/Eclipse.app/Contents/Eclipse/plugins/org.eclipse.m2e.maven.runtime_3.9.600.20231203-1234/jars/maven-resolver-provider-3.9.6.jar
2024-10-16 18:26:09,176 [Worker-42: Launching Executing clean in _Users_jefreytabao_Training_Demo_TabaoEx14_tabaoex14] INFO  o.eclipse.m2e.core.internal.Bundles - 	Entry: /Applications/Eclipse.app/Contents/Eclipse/plugins/org.eclipse.m2e.maven.runtime_3.9.600.20231203-1234/jars/maven-resolver-spi-1.9.18.jar
2024-10-16 18:26:09,176 [Worker-42: Launching Executing clean in _Users_jefreytabao_Training_Demo_TabaoEx14_tabaoex14] INFO  o.eclipse.m2e.core.internal.Bundles - 	Entry: /Applications/Eclipse.app/Contents/Eclipse/plugins/org.eclipse.m2e.maven.runtime_3.9.600.20231203-1234/jars/maven-resolver-transport-file-1.9.18.jar
2024-10-16 18:26:09,176 [Worker-42: Launching Executing clean in _Users_jefreytabao_Training_Demo_TabaoEx14_tabaoex14] INFO  o.eclipse.m2e.core.internal.Bundles - 	Entry: /Applications/Eclipse.app/Contents/Eclipse/plugins/org.eclipse.m2e.maven.runtime_3.9.600.20231203-1234/jars/maven-resolver-transport-http-1.9.18.jar
2024-10-16 18:26:09,176 [Worker-42: Launching Executing clean in _Users_jefreytabao_Training_Demo_TabaoEx14_tabaoex14] INFO  o.eclipse.m2e.core.internal.Bundles - 	Entry: /Applications/Eclipse.app/Contents/Eclipse/plugins/org.eclipse.m2e.maven.runtime_3.9.600.20231203-1234/jars/maven-resolver-transport-wagon-1.9.18.jar
2024-10-16 18:26:09,176 [Worker-42: Launching Executing clean in _Users_jefreytabao_Training_Demo_TabaoEx14_tabaoex14] INFO  o.eclipse.m2e.core.internal.Bundles - 	Entry: /Applications/Eclipse.app/Contents/Eclipse/plugins/org.eclipse.m2e.maven.runtime_3.9.600.20231203-1234/jars/maven-resolver-util-1.9.18.jar
2024-10-16 18:26:09,176 [Worker-42: Launching Executing clean in _Users_jefreytabao_Training_Demo_TabaoEx14_tabaoex14] INFO  o.eclipse.m2e.core.internal.Bundles - 	Entry: /Applications/Eclipse.app/Contents/Eclipse/plugins/org.eclipse.m2e.maven.runtime_3.9.600.20231203-1234/jars/maven-settings-3.9.6.jar
2024-10-16 18:26:09,176 [Worker-42: Launching Executing clean in _Users_jefreytabao_Training_Demo_TabaoEx14_tabaoex14] INFO  o.eclipse.m2e.core.internal.Bundles - 	Entry: /Applications/Eclipse.app/Contents/Eclipse/plugins/org.eclipse.m2e.maven.runtime_3.9.600.20231203-1234/jars/maven-settings-builder-3.9.6.jar
2024-10-16 18:26:09,176 [Worker-42: Launching Executing clean in _Users_jefreytabao_Training_Demo_TabaoEx14_tabaoex14] INFO  o.eclipse.m2e.core.internal.Bundles - 	Entry: /Applications/Eclipse.app/Contents/Eclipse/plugins/org.eclipse.m2e.maven.runtime_3.9.600.20231203-1234/jars/maven-shared-utils-3.3.4.jar
2024-10-16 18:26:09,176 [Worker-42: Launching Executing clean in _Users_jefreytabao_Training_Demo_TabaoEx14_tabaoex14] INFO  o.eclipse.m2e.core.internal.Bundles - 	Entry: /Applications/Eclipse.app/Contents/Eclipse/plugins/org.eclipse.m2e.maven.runtime_3.9.600.20231203-1234/jars/org.eclipse.sisu.inject-0.9.0.M2.jar
2024-10-16 18:26:09,176 [Worker-42: Launching Executing clean in _Users_jefreytabao_Training_Demo_TabaoEx14_tabaoex14] INFO  o.eclipse.m2e.core.internal.Bundles - 	Entry: /Applications/Eclipse.app/Contents/Eclipse/plugins/org.eclipse.m2e.maven.runtime_3.9.600.20231203-1234/jars/org.eclipse.sisu.plexus-0.9.0.M2.jar
2024-10-16 18:26:09,177 [Worker-42: Launching Executing clean in _Users_jefreytabao_Training_Demo_TabaoEx14_tabaoex14] INFO  o.eclipse.m2e.core.internal.Bundles - 	Entry: /Applications/Eclipse.app/Contents/Eclipse/plugins/org.eclipse.m2e.maven.runtime_3.9.600.20231203-1234/jars/plexus-build-api-0.0.7.jar
2024-10-16 18:26:09,177 [Worker-42: Launching Executing clean in _Users_jefreytabao_Training_Demo_TabaoEx14_tabaoex14] INFO  o.eclipse.m2e.core.internal.Bundles - 	Entry: /Applications/Eclipse.app/Contents/Eclipse/plugins/org.eclipse.m2e.maven.runtime_3.9.600.20231203-1234/jars/plexus-cipher-2.0.jar
2024-10-16 18:26:09,177 [Worker-42: Launching Executing clean in _Users_jefreytabao_Training_Demo_TabaoEx14_tabaoex14] INFO  o.eclipse.m2e.core.internal.Bundles - 	Entry: /Applications/Eclipse.app/Contents/Eclipse/plugins/org.eclipse.m2e.maven.runtime_3.9.600.20231203-1234/jars/plexus-classworlds-2.7.0.jar
2024-10-16 18:26:09,177 [Worker-42: Launching Executing clean in _Users_jefreytabao_Training_Demo_TabaoEx14_tabaoex14] INFO  o.eclipse.m2e.core.internal.Bundles - 	Entry: /Applications/Eclipse.app/Contents/Eclipse/plugins/org.eclipse.m2e.maven.runtime_3.9.600.20231203-1234/jars/plexus-component-annotations-2.1.0.jar
2024-10-16 18:26:09,177 [Worker-42: Launching Executing clean in _Users_jefreytabao_Training_Demo_TabaoEx14_tabaoex14] INFO  o.eclipse.m2e.core.internal.Bundles - 	Entry: /Applications/Eclipse.app/Contents/Eclipse/plugins/org.eclipse.m2e.maven.runtime_3.9.600.20231203-1234/jars/plexus-interpolation-1.26.jar
2024-10-16 18:26:09,177 [Worker-42: Launching Executing clean in _Users_jefreytabao_Training_Demo_TabaoEx14_tabaoex14] INFO  o.eclipse.m2e.core.internal.Bundles - 	Entry: /Applications/Eclipse.app/Contents/Eclipse/plugins/org.eclipse.m2e.maven.runtime_3.9.600.20231203-1234/jars/plexus-sec-dispatcher-2.0.jar
2024-10-16 18:26:09,177 [Worker-42: Launching Executing clean in _Users_jefreytabao_Training_Demo_TabaoEx14_tabaoex14] INFO  o.eclipse.m2e.core.internal.Bundles - 	Entry: /Applications/Eclipse.app/Contents/Eclipse/plugins/org.eclipse.m2e.maven.runtime_3.9.600.20231203-1234/jars/plexus-utils-3.5.1.jar
2024-10-16 18:26:09,177 [Worker-42: Launching Executing clean in _Users_jefreytabao_Training_Demo_TabaoEx14_tabaoex14] INFO  o.eclipse.m2e.core.internal.Bundles - 	Entry: /Applications/Eclipse.app/Contents/Eclipse/plugins/org.eclipse.m2e.maven.runtime_3.9.600.20231203-1234/jars/wagon-file-3.5.3.jar
2024-10-16 18:26:09,177 [Worker-42: Launching Executing clean in _Users_jefreytabao_Training_Demo_TabaoEx14_tabaoex14] INFO  o.eclipse.m2e.core.internal.Bundles - 	Entry: /Applications/Eclipse.app/Contents/Eclipse/plugins/org.eclipse.m2e.maven.runtime_3.9.600.20231203-1234/jars/wagon-http-3.5.3.jar
2024-10-16 18:26:09,177 [Worker-42: Launching Executing clean in _Users_jefreytabao_Training_Demo_TabaoEx14_tabaoex14] INFO  o.eclipse.m2e.core.internal.Bundles - 	Entry: /Applications/Eclipse.app/Contents/Eclipse/plugins/org.eclipse.m2e.maven.runtime_3.9.600.20231203-1234/jars/wagon-http-shared-3.5.3.jar
2024-10-16 18:26:09,177 [Worker-42: Launching Executing clean in _Users_jefreytabao_Training_Demo_TabaoEx14_tabaoex14] INFO  o.eclipse.m2e.core.internal.Bundles - 	Entry: /Applications/Eclipse.app/Contents/Eclipse/plugins/org.eclipse.m2e.maven.runtime_3.9.600.20231203-1234/jars/wagon-provider-api-3.5.3.jar
2024-10-16 18:26:09,178 [Worker-42: Launching Executing clean in _Users_jefreytabao_Training_Demo_TabaoEx14_tabaoex14] INFO  o.eclipse.m2e.core.internal.Bundles - getClasspathEntries(Bundle=com.google.guava_33.0.0.jre [14])
2024-10-16 18:26:09,180 [Worker-42: Launching Executing clean in _Users_jefreytabao_Training_Demo_TabaoEx14_tabaoex14] INFO  o.eclipse.m2e.core.internal.Bundles - 	Entry: /Applications/Eclipse.app/Contents/Eclipse/plugins/com.google.guava_33.0.0.jre.jar
2024-10-16 18:26:09,181 [Worker-42: Launching Executing clean in _Users_jefreytabao_Training_Demo_TabaoEx14_tabaoex14] INFO  o.eclipse.m2e.core.internal.Bundles - getClasspathEntries(Bundle=slf4j.api_2.0.12 [994])
2024-10-16 18:26:09,181 [Worker-42: Launching Executing clean in _Users_jefreytabao_Training_Demo_TabaoEx14_tabaoex14] INFO  o.eclipse.m2e.core.internal.Bundles - 	Entry: /Applications/Eclipse.app/Contents/Eclipse/plugins/slf4j.api_2.0.12.jar
2024-10-16 18:26:09,181 [Worker-42: Launching Executing clean in _Users_jefreytabao_Training_Demo_TabaoEx14_tabaoex14] INFO  o.eclipse.m2e.core.internal.Bundles - getClasspathEntries(Bundle=jakarta.inject.jakarta.inject-api_1.0.5 [32])
2024-10-16 18:26:09,181 [Worker-42: Launching Executing clean in _Users_jefreytabao_Training_Demo_TabaoEx14_tabaoex14] INFO  o.eclipse.m2e.core.internal.Bundles - 	Entry: /Applications/Eclipse.app/Contents/Eclipse/plugins/jakarta.inject.jakarta.inject-api_1.0.5.jar
2024-10-16 18:26:09,181 [Worker-42: Launching Executing clean in _Users_jefreytabao_Training_Demo_TabaoEx14_tabaoex14] INFO  o.eclipse.m2e.core.internal.Bundles - getClasspathEntries(Bundle=jakarta.annotation-api_1.3.5 [27])
2024-10-16 18:26:09,181 [Worker-42: Launching Executing clean in _Users_jefreytabao_Training_Demo_TabaoEx14_tabaoex14] INFO  o.eclipse.m2e.core.internal.Bundles - 	Entry: /Applications/Eclipse.app/Contents/Eclipse/plugins/jakarta.annotation-api_1.3.5.jar
2024-10-16 18:26:09,181 [Worker-42: Launching Executing clean in _Users_jefreytabao_Training_Demo_TabaoEx14_tabaoex14] INFO  o.eclipse.m2e.core.internal.Bundles - getClasspathEntries(Bundle=org.apache.commons.cli_1.6.0 [75])
2024-10-16 18:26:09,181 [Worker-42: Launching Executing clean in _Users_jefreytabao_Training_Demo_TabaoEx14_tabaoex14] INFO  o.eclipse.m2e.core.internal.Bundles - 	Entry: /Applications/Eclipse.app/Contents/Eclipse/plugins/org.apache.commons.cli_1.6.0.jar
2024-10-16 18:26:09,181 [Worker-42: Launching Executing clean in _Users_jefreytabao_Training_Demo_TabaoEx14_tabaoex14] INFO  o.eclipse.m2e.core.internal.Bundles - getClasspathEntries(Bundle=org.apache.commons.commons-codec_1.16.0 [78])
2024-10-16 18:26:09,181 [Worker-42: Launching Executing clean in _Users_jefreytabao_Training_Demo_TabaoEx14_tabaoex14] INFO  o.eclipse.m2e.core.internal.Bundles - 	Entry: /Applications/Eclipse.app/Contents/Eclipse/plugins/org.apache.commons.commons-codec_1.16.0.jar
2024-10-16 18:26:09,181 [Worker-42: Launching Executing clean in _Users_jefreytabao_Training_Demo_TabaoEx14_tabaoex14] INFO  o.eclipse.m2e.core.internal.Bundles - getClasspathEntries(Bundle=org.apache.commons.lang3_3.14.0 [86])
2024-10-16 18:26:09,181 [Worker-42: Launching Executing clean in _Users_jefreytabao_Training_Demo_TabaoEx14_tabaoex14] INFO  o.eclipse.m2e.core.internal.Bundles - 	Entry: /Applications/Eclipse.app/Contents/Eclipse/plugins/org.apache.commons.lang3_3.14.0.jar
2024-10-16 18:26:09,181 [Worker-42: Launching Executing clean in _Users_jefreytabao_Training_Demo_TabaoEx14_tabaoex14] INFO  o.eclipse.m2e.core.internal.Bundles - getClasspathEntries(Bundle=com.google.guava.failureaccess_1.0.2 [15])
2024-10-16 18:26:09,181 [Worker-42: Launching Executing clean in _Users_jefreytabao_Training_Demo_TabaoEx14_tabaoex14] INFO  o.eclipse.m2e.core.internal.Bundles - 	Entry: /Applications/Eclipse.app/Contents/Eclipse/plugins/com.google.guava.failureaccess_1.0.2.jar
2024-10-16 18:26:09,193 [Worker-42: Launching Executing clean in _Users_jefreytabao_Training_Demo_TabaoEx14_tabaoex14] INFO  o.e.m.i.launch.MavenLaunchDelegate - Run build in "/Users/jefreytabao/Training/Demo/TabaoEx14/tabaoex14":
2024-10-16 18:26:09,199 [Worker-42: Launching Executing clean in _Users_jefreytabao_Training_Demo_TabaoEx14_tabaoex14] INFO  o.e.m.i.launch.MavenLaunchDelegate -  mvn  -B -Dstyle.color=always clean
2024-10-16 18:26:14,095 [Worker-42: Building] WARN  o.a.m.s.f.DefaultMavenResourcesFiltering - Using platform encoding (UTF-8 actually) to copy filtered resources, i.e. build is platform dependent!
2024-10-16 18:26:14,105 [Worker-42: Building] INFO  o.a.m.s.f.DefaultMavenResourcesFiltering - Copying 0 resource from src/main/resources to target/classes
2024-10-16 18:26:14,109 [Worker-42: Building] WARN  o.a.m.s.f.DefaultMavenResourcesFiltering - Using platform encoding (UTF-8 actually) to copy filtered resources, i.e. build is platform dependent!
2024-10-16 18:26:14,117 [Worker-42: Building] INFO  o.a.m.s.f.DefaultMavenResourcesFiltering - Copying 0 resource from src/test/resources to target/test-classes
